<?xml version="1.0" encoding="UTF-8"?>
<!-- Generated by org.testng.reporters.JUnitXMLReporter -->
<testsuite hostname="DESKTOP-P8JIU9Q" ignored="1" name="Command line test" tests="2" failures="0" timestamp="2021-07-27T02:18:00 EDT" time="21.157" errors="0">
  <testcase name="seleniumTest2" time="11.316" classname="Package1.TestTask"/>
  <testcase name="seleniumTest1" time="3.96" classname="Package1.TestTask"/>
  <testcase name="testEnabled" time="0.0" classname="Package1.TestTask">
    <ignored/>
  </testcase> <!-- testEnabled -->
</testsuite> <!-- Command line test -->
